[     163ms] [INFO] %cDownload the React DevTools for a better development experience: https://react.dev/link/react-devtools font-weight:bold @ http://localhost:3001/_next/static/chunks/node_modules_next_dist_115brz8._.js:2431
[     184ms] [LOG] [HMR] connected @ http://localhost:3001/_next/static/chunks/node_modules_next_dist_115brz8._.js:2431
[     511ms] [LOG] [Fast Refresh] rebuilding @ http://localhost:3001/_next/static/chunks/node_modules_next_dist_115brz8._.js:2431
[    2805ms] [LOG] [Fast Refresh] done in 2400ms @ http://localhost:3001/_next/static/chunks/node_modules_next_dist_115brz8._.js:2431
[    2917ms] [LOG] [Fast Refresh] rebuilding @ http://localhost:3001/_next/static/chunks/node_modules_next_dist_115brz8._.js:2431
[   74169ms] [LOG] [Fast Refresh] done in 71363ms @ http://localhost:3001/_next/static/chunks/node_modules_next_dist_115brz8._.js:2431
[   74273ms] [LOG] [Fast Refresh] rebuilding @ http://localhost:3001/_next/static/chunks/node_modules_next_dist_115brz8._.js:2431
[   88104ms] [LOG] [Fast Refresh] done in 13935ms @ http://localhost:3001/_next/static/chunks/node_modules_next_dist_115brz8._.js:2431
[   88205ms] [LOG] [Fast Refresh] rebuilding @ http://localhost:3001/_next/static/chunks/node_modules_next_dist_115brz8._.js:2431
[  205439ms] [ERROR] WebSocket connection to 'ws://localhost:3001/_next/webpack-hmr?id=e0eF89gxXtPTP9LXBjSeJ' failed: Error in connection establishment: net::ERR_CONNECTION_REFUSED @ http://localhost:3001/_next/static/chunks/node_modules_next_dist_client_0fhqo1d._.js:13299
[  208810ms] [ERROR] WebSocket connection to 'ws://localhost:3001/_next/webpack-hmr?id=e0eF89gxXtPTP9LXBjSeJ' failed: Error in connection establishment: net::ERR_CONNECTION_REFUSED @ http://localhost:3001/_next/static/chunks/node_modules_next_dist_client_0fhqo1d._.js:13299
[  212177ms] [ERROR] WebSocket connection to 'ws://localhost:3001/_next/webpack-hmr?id=e0eF89gxXtPTP9LXBjSeJ' failed: Error in connection establishment: net::ERR_CONNECTION_REFUSED @ http://localhost:3001/_next/static/chunks/node_modules_next_dist_client_0fhqo1d._.js:13299
[  215554ms] [ERROR] WebSocket connection to 'ws://localhost:3001/_next/webpack-hmr?id=e0eF89gxXtPTP9LXBjSeJ' failed: Error in connection establishment: net::ERR_CONNECTION_REFUSED @ http://localhost:3001/_next/static/chunks/node_modules_next_dist_client_0fhqo1d._.js:13299
[  218909ms] [ERROR] WebSocket connection to 'ws://localhost:3001/_next/webpack-hmr?id=e0eF89gxXtPTP9LXBjSeJ' failed: Error in connection establishment: net::ERR_CONNECTION_REFUSED @ http://localhost:3001/_next/static/chunks/node_modules_next_dist_client_0fhqo1d._.js:13299
[  226261ms] [ERROR] WebSocket connection to 'ws://localhost:3001/_next/webpack-hmr?id=e0eF89gxXtPTP9LXBjSeJ' failed: Error in connection establishment: net::ERR_CONNECTION_REFUSED @ http://localhost:3001/_next/static/chunks/node_modules_next_dist_client_0fhqo1d._.js:13299
[  233630ms] [ERROR] WebSocket connection to 'ws://localhost:3001/_next/webpack-hmr?id=e0eF89gxXtPTP9LXBjSeJ' failed: Error in connection establishment: net::ERR_CONNECTION_REFUSED @ http://localhost:3001/_next/static/chunks/node_modules_next_dist_client_0fhqo1d._.js:13299
[  240994ms] [ERROR] WebSocket connection to 'ws://localhost:3001/_next/webpack-hmr?id=e0eF89gxXtPTP9LXBjSeJ' failed: Error in connection establishment: net::ERR_CONNECTION_REFUSED @ http://localhost:3001/_next/static/chunks/node_modules_next_dist_client_0fhqo1d._.js:13299
[  248337ms] [ERROR] WebSocket connection to 'ws://localhost:3001/_next/webpack-hmr?id=e0eF89gxXtPTP9LXBjSeJ' failed: Error in connection establishment: net::ERR_CONNECTION_REFUSED @ http://localhost:3001/_next/static/chunks/node_modules_next_dist_client_0fhqo1d._.js:13299
[  255721ms] [ERROR] WebSocket connection to 'ws://localhost:3001/_next/webpack-hmr?id=e0eF89gxXtPTP9LXBjSeJ' failed: Error in connection establishment: net::ERR_CONNECTION_REFUSED @ http://localhost:3001/_next/static/chunks/node_modules_next_dist_client_0fhqo1d._.js:13299
[  263162ms] [ERROR] WebSocket connection to 'ws://localhost:3001/_next/webpack-hmr?id=e0eF89gxXtPTP9LXBjSeJ' failed: Error in connection establishment: net::ERR_CONNECTION_REFUSED @ http://localhost:3001/_next/static/chunks/node_modules_next_dist_client_0fhqo1d._.js:13299
[  270691ms] [ERROR] WebSocket connection to 'ws://localhost:3001/_next/webpack-hmr?id=e0eF89gxXtPTP9LXBjSeJ' failed: Error in connection establishment: net::ERR_CONNECTION_REFUSED @ http://localhost:3001/_next/static/chunks/node_modules_next_dist_client_0fhqo1d._.js:13299
